[ 2017-08-31T16:45:42+08:00 ] ::1 /blog/
INFO: [ app_init ] --START--
INFO: Run Behavior\BuildLiteBehavior [ RunTime:0.000000s ]
INFO: [ app_init ] --END-- [ RunTime:0.029001s ]
INFO: [ app_begin ] --START--
INFO: Run Behavior\ReadHtmlCacheBehavior [ RunTime:0.007000s ]
INFO: [ app_begin ] --END-- [ RunTime:0.007000s ]
SQL: SHOW COLUMNS FROM `blog_cate` [ RunTime:0.0610s ]
SQL: SELECT * FROM `blog_cate`  [ RunTime:0.0010s ]
SQL: SHOW COLUMNS FROM `blog_article` [ RunTime:0.0430s ]
SQL: SELECT * FROM `blog_article` ORDER BY time desc LIMIT 5   [ RunTime:0.0790s ]
SQL: SHOW COLUMNS FROM `blog_link` [ RunTime:0.0320s ]
SQL: SELECT * FROM `blog_link` ORDER BY sort desc  [ RunTime:0.0010s ]
SQL: SELECT COUNT(*) AS tp_count FROM `blog_article` LIMIT 1   [ RunTime:0.0010s ]
SQL: SELECT * FROM `blog_article` ORDER BY time desc LIMIT 0,5   [ RunTime:0.0050s ]
INFO: [ view_parse ] --START--
INFO: [ template_filter ] --START--
INFO: Run Behavior\ContentReplaceBehavior [ RunTime:0.002000s ]
INFO: [ template_filter ] --END-- [ RunTime:0.002000s ]
NOTIC: [8] Undefined variable: current D:\phpStudy\WWW\blog\Application\Runtime\Cache\Home\2a94b8bda04ff446dcedd42276fc99ee.php 第 49 行.
NOTIC: [8] Undefined variable: current D:\phpStudy\WWW\blog\Application\Runtime\Cache\Home\2a94b8bda04ff446dcedd42276fc99ee.php 第 49 行.
NOTIC: [8] Undefined variable: current D:\phpStudy\WWW\blog\Application\Runtime\Cache\Home\2a94b8bda04ff446dcedd42276fc99ee.php 第 49 行.
NOTIC: [8] Undefined variable: current D:\phpStudy\WWW\blog\Application\Runtime\Cache\Home\2a94b8bda04ff446dcedd42276fc99ee.php 第 49 行.
NOTIC: [8] Undefined variable: current D:\phpStudy\WWW\blog\Application\Runtime\Cache\Home\2a94b8bda04ff446dcedd42276fc99ee.php 第 49 行.
INFO: Run Behavior\ParseTemplateBehavior [ RunTime:0.217013s ]
INFO: [ view_parse ] --END-- [ RunTime:0.218013s ]
INFO: [ view_filter ] --START--
INFO: Run Behavior\WriteHtmlCacheBehavior [ RunTime:0.001000s ]
INFO: [ view_filter ] --END-- [ RunTime:0.001000s ]
INFO: [ app_end ] --START--
INFO: Run Behavior\ShowPageTraceBehavior [ RunTime:0.019001s ]
INFO: [ app_end ] --END-- [ RunTime:0.019001s ]

[ 2017-08-31T16:46:14+08:00 ] ::1 /blog/index.php/Home/Message/index.html
INFO: [ app_init ] --START--
INFO: Run Behavior\BuildLiteBehavior [ RunTime:0.000000s ]
INFO: [ app_init ] --END-- [ RunTime:0.001000s ]
INFO: [ app_begin ] --START--
INFO: Run Behavior\ReadHtmlCacheBehavior [ RunTime:0.001000s ]
INFO: [ app_begin ] --END-- [ RunTime:0.001000s ]
SQL: SHOW COLUMNS FROM `blog_cate` [ RunTime:0.0080s ]
SQL: SELECT * FROM `blog_cate`  [ RunTime:0.0010s ]
SQL: SHOW COLUMNS FROM `blog_article` [ RunTime:0.0060s ]
SQL: SELECT * FROM `blog_article` ORDER BY time desc LIMIT 5   [ RunTime:0.0050s ]
SQL: SHOW COLUMNS FROM `blog_link` [ RunTime:0.0050s ]
SQL: SELECT * FROM `blog_link` ORDER BY sort desc  [ RunTime:0.0010s ]
INFO: [ view_parse ] --START--
INFO: [ template_filter ] --START--
INFO: Run Behavior\ContentReplaceBehavior [ RunTime:0.000000s ]
INFO: [ template_filter ] --END-- [ RunTime:0.000000s ]
NOTIC: [8] Undefined variable: current D:\phpStudy\WWW\blog\Application\Runtime\Cache\Home\455a6242d1c94ccc41106a388080363b.php 第 103 行.
NOTIC: [8] Undefined variable: current D:\phpStudy\WWW\blog\Application\Runtime\Cache\Home\455a6242d1c94ccc41106a388080363b.php 第 103 行.
NOTIC: [8] Undefined variable: current D:\phpStudy\WWW\blog\Application\Runtime\Cache\Home\455a6242d1c94ccc41106a388080363b.php 第 103 行.
NOTIC: [8] Undefined variable: current D:\phpStudy\WWW\blog\Application\Runtime\Cache\Home\455a6242d1c94ccc41106a388080363b.php 第 103 行.
NOTIC: [8] Undefined variable: current D:\phpStudy\WWW\blog\Application\Runtime\Cache\Home\455a6242d1c94ccc41106a388080363b.php 第 103 行.
INFO: Run Behavior\ParseTemplateBehavior [ RunTime:0.022001s ]
INFO: [ view_parse ] --END-- [ RunTime:0.022001s ]
INFO: [ view_filter ] --START--
INFO: Run Behavior\WriteHtmlCacheBehavior [ RunTime:0.000000s ]
INFO: [ view_filter ] --END-- [ RunTime:0.001000s ]
INFO: [ app_end ] --START--
INFO: Run Behavior\ShowPageTraceBehavior [ RunTime:0.001001s ]
INFO: [ app_end ] --END-- [ RunTime:0.001001s ]

